<?xml version="1.0" encoding="UTF-8"?>
<!-- Generated by org.testng.reporters.JUnitXMLReporter -->
<testsuite hostname="DESKTOP-VUHI299" ignored="0" name="Default test" tests="3" failures="0" timestamp="2022-08-08T17:52:18 EDT" time="0.042" errors="0">
  <testcase name="login" time="0.006" classname="assigment.DataproviderExxample"/>
  <testcase name="login" time="0.001" classname="assigment.DataproviderExxample"/>
  <testcase name="login" time="0.001" classname="assigment.DataproviderExxample"/>
</testsuite> <!-- Default test -->
