<?xml version="1.0" encoding="UTF-8"?>
<!-- Generated by org.testng.reporters.JUnitXMLReporter -->
<testsuite hostname="DESKTOP-VUHI299" ignored="4" name="Annotations" tests="6" failures="0" timestamp="2022-08-08T12:50:06 EDT" time="6.726" errors="0">
  <testcase name="test1" time="0.003" classname="TestNgDemo.AnnotationsDemo1"/>
  <testcase name="test2" time="0.0" classname="TestNgDemo.AnnotationsDemo1"/>
  <testcase name="test3" time="0.001" classname="TestNgDemo.AnnotationsDemo2"/>
  <testcase name="test4" time="0.001" classname="TestNgDemo.AnnotationsDemo2"/>
  <testcase name="login" time="0.127" classname="dataprovider.OrangeHRMDataProvider"/>
  <testcase name="login" time="0.134" classname="dataprovider.OrangeHRMDataProvider"/>
  <testcase name="@BeforeTest before_test" time="0.0" classname="TestNgDemo.Baseclass">
    <ignored/>
  </testcase> <!-- @BeforeTest before_test -->
  <testcase name="@AfterTest after_test" time="0.0" classname="TestNgDemo.Baseclass">
    <ignored/>
  </testcase> <!-- @AfterTest after_test -->
  <testcase name="@BeforeSuite before_suite" time="0.0" classname="TestNgDemo.Baseclass">
    <ignored/>
  </testcase> <!-- @BeforeSuite before_suite -->
  <testcase name="@AfterSuite after_suite" time="0.0" classname="TestNgDemo.Baseclass">
    <ignored/>
  </testcase> <!-- @AfterSuite after_suite -->
</testsuite> <!-- Annotations -->
