<?xml version="1.0" encoding="UTF-8"?>
<!-- Generated by org.testng.reporters.JUnitXMLReporter -->
<testsuite hostname="DESKTOP-VUHI299" ignored="0" name="Annotations" tests="4" failures="0" timestamp="2022-08-08T21:29:54 EDT" time="0.046" errors="0">
  <testcase name="test1" time="0.004" classname="TestNgDemo.AnnotationsDemo1"/>
  <testcase name="test2" time="0.001" classname="TestNgDemo.AnnotationsDemo1"/>
  <testcase name="test3" time="0.0" classname="TestNgDemo.AnnotationsDemo2"/>
  <testcase name="test4" time="0.001" classname="TestNgDemo.AnnotationsDemo2"/>
</testsuite> <!-- Annotations -->
