<?xml version="1.0" encoding="UTF-8"?>
<!-- Generated by org.testng.reporters.JUnitXMLReporter -->
<testsuite hostname="DESKTOP-VUHI299" ignored="4" name="Test" tests="4" failures="0" timestamp="2022-08-08T18:15:10 EDT" time="0.038" errors="0">
  <testcase name="test1" time="0.003" classname="assigment.AnnotationsDemo"/>
  <testcase name="test2" time="0.001" classname="assigment.AnnotationsDemo"/>
  <testcase name="test3" time="0.0" classname="assigment.AnnotationDemo2"/>
  <testcase name="test4" time="0.001" classname="assigment.AnnotationDemo2"/>
  <testcase name="@BeforeTest before_test" time="0.0" classname="assigment.BaseClass">
    <ignored/>
  </testcase> <!-- @BeforeTest before_test -->
  <testcase name="@AfterTest after_test" time="0.0" classname="assigment.BaseClass">
    <ignored/>
  </testcase> <!-- @AfterTest after_test -->
  <testcase name="@BeforeSuite before_suite" time="0.0" classname="assigment.BaseClass">
    <ignored/>
  </testcase> <!-- @BeforeSuite before_suite -->
  <testcase name="@AfterSuite after_suite" time="0.0" classname="assigment.BaseClass">
    <ignored/>
  </testcase> <!-- @AfterSuite after_suite -->
</testsuite> <!-- Test -->
