<?xml version="1.0" encoding="UTF-8"?>
<!-- Generated by org.testng.reporters.JUnitXMLReporter -->
<testsuite hostname="DESKTOP-VUHI299" ignored="4" name="AnnotationsDemo1" tests="4" failures="0" timestamp="05 Aug 2022 16:47:08 GMT" time="0.023" errors="0">
  <testcase name="test1" time="0.001" classname="TestNgDemo.AnnotationsDemo1"/>
  <testcase name="test2" time="0.0" classname="TestNgDemo.AnnotationsDemo1"/>
  <testcase name="test3" time="0.0" classname="TestNgDemo.AnnotationsDemo2"/>
  <testcase name="test4" time="0.0" classname="TestNgDemo.AnnotationsDemo2"/>
  <testcase name="@BeforeTest before_test" time="0.0" classname="TestNgDemo.Baseclass">
    <ignored/>
  </testcase> <!-- @BeforeTest before_test -->
  <testcase name="@BeforeSuite before_suite" time="0.0" classname="TestNgDemo.Baseclass">
    <ignored/>
  </testcase> <!-- @BeforeSuite before_suite -->
  <testcase name="@AfterTest after_test" time="0.0" classname="TestNgDemo.Baseclass">
    <ignored/>
  </testcase> <!-- @AfterTest after_test -->
  <testcase name="@AfterSuite after_suite" time="0.0" classname="TestNgDemo.Baseclass">
    <ignored/>
  </testcase> <!-- @AfterSuite after_suite -->
</testsuite> <!-- AnnotationsDemo1 -->
