<?xml version="1.0" encoding="UTF-8"?>
<!-- Generated by org.testng.reporters.JUnitXMLReporter -->
<testsuite hostname="DESKTOP-VUHI299" ignored="0" name="DataProvider" tests="3" failures="0" timestamp="08 Aug 2022 22:10:55 GMT" time="2.231" errors="0">
  <testcase name="login" time="0.001" classname="assigment.DataproviderExxample"/>
  <testcase name="login" time="0.0" classname="assigment.DataproviderExxample"/>
  <testcase name="login" time="0.0" classname="assigment.DataproviderExxample"/>
</testsuite> <!-- DataProvider -->
