<?xml version="1.0" encoding="UTF-8"?>
<testng-results skipped="0" failed="0" ignored="0" total="3" passed="3">
  <reporter-output>
  </reporter-output>
  <suite name="Suite" duration-ms="2231" started-at="2022-08-08T22:10:53Z" finished-at="2022-08-08T22:10:55Z">
    <groups>
    </groups>
    <test name="DataProvider" duration-ms="2231" started-at="2022-08-08T22:10:53Z" finished-at="2022-08-08T22:10:55Z">
      <class name="assigment.DataproviderExxample">
        <test-method status="PASS" signature="Initilize_browser()[pri:0, instance:assigment.DataproviderExxample@4386f16]" name="Initilize_browser" is-config="true" duration-ms="2203" started-at="2022-08-08T22:10:53Z" finished-at="2022-08-08T22:10:55Z">
          <reporter-output>
          </reporter-output>
        </test-method> <!-- Initilize_browser -->
        <test-method status="PASS" signature="login(java.lang.String, java.lang.String)[pri:0, instance:assigment.DataproviderExxample@4386f16]" name="login" duration-ms="1" started-at="2022-08-08T22:10:55Z" data-provider="credentails" finished-at="2022-08-08T22:10:55Z">
          <params>
            <param index="0">
              <value>
                <![CDATA[Admin]]>
              </value>
            </param>
            <param index="1">
              <value>
                <![CDATA[admin123]]>
              </value>
            </param>
          </params>
          <reporter-output>
          </reporter-output>
        </test-method> <!-- login -->
        <test-method status="PASS" signature="login(java.lang.String, java.lang.String)[pri:0, instance:assigment.DataproviderExxample@4386f16]" name="login" duration-ms="0" started-at="2022-08-08T22:10:55Z" data-provider="credentails" finished-at="2022-08-08T22:10:55Z">
          <params>
            <param index="0">
              <value>
                <![CDATA[Admin1]]>
              </value>
            </param>
            <param index="1">
              <value>
                <![CDATA[admin1234]]>
              </value>
            </param>
          </params>
          <reporter-output>
          </reporter-output>
        </test-method> <!-- login -->
        <test-method status="PASS" signature="login(java.lang.String, java.lang.String)[pri:0, instance:assigment.DataproviderExxample@4386f16]" name="login" duration-ms="0" started-at="2022-08-08T22:10:55Z" data-provider="credentails" finished-at="2022-08-08T22:10:55Z">
          <params>
            <param index="0">
              <value>
                <![CDATA[Admin2]]>
              </value>
            </param>
            <param index="1">
              <value>
                <![CDATA[admin12345]]>
              </value>
            </param>
          </params>
          <reporter-output>
          </reporter-output>
        </test-method> <!-- login -->
      </class> <!-- assigment.DataproviderExxample -->
    </test> <!-- DataProvider -->
  </suite> <!-- Suite -->
</testng-results>
