<?xml version="1.0" encoding="UTF-8"?>
<testng-results skipped="0" failed="0" ignored="4" total="8" passed="4">
  <reporter-output>
  </reporter-output>
  <suite name="Suite" duration-ms="23" started-at="2022-08-05T16:47:08Z" finished-at="2022-08-05T16:47:08Z">
    <groups>
    </groups>
    <test name="AnnotationsDemo1" duration-ms="23" started-at="2022-08-05T16:47:08Z" finished-at="2022-08-05T16:47:08Z">
      <class name="TestNgDemo.AnnotationsDemo1">
        <test-method status="PASS" signature="before_suite()[pri:0, instance:TestNgDemo.AnnotationsDemo1@1f3f4916]" name="before_suite" is-config="true" duration-ms="8" started-at="2022-08-05T16:47:08Z" finished-at="2022-08-05T16:47:08Z">
          <reporter-output>
          </reporter-output>
        </test-method> <!-- before_suite -->
        <test-method status="PASS" signature="before_test()[pri:0, instance:TestNgDemo.AnnotationsDemo1@1f3f4916]" name="before_test" is-config="true" duration-ms="0" started-at="2022-08-05T16:47:08Z" finished-at="2022-08-05T16:47:08Z">
          <reporter-output>
          </reporter-output>
        </test-method> <!-- before_test -->
        <test-method status="PASS" signature="before_class()[pri:0, instance:TestNgDemo.AnnotationsDemo1@1f3f4916]" name="before_class" is-config="true" duration-ms="1" started-at="2022-08-05T16:47:08Z" finished-at="2022-08-05T16:47:08Z">
          <reporter-output>
          </reporter-output>
        </test-method> <!-- before_class -->
        <test-method status="PASS" signature="test1()[pri:0, instance:TestNgDemo.AnnotationsDemo1@1f3f4916]" name="test1" duration-ms="1" started-at="2022-08-05T16:47:08Z" finished-at="2022-08-05T16:47:08Z">
          <reporter-output>
          </reporter-output>
        </test-method> <!-- test1 -->
        <test-method status="PASS" signature="before_method()[pri:0, instance:TestNgDemo.AnnotationsDemo1@1f3f4916]" name="before_method" is-config="true" duration-ms="0" started-at="2022-08-05T16:47:08Z" finished-at="2022-08-05T16:47:08Z">
          <reporter-output>
          </reporter-output>
        </test-method> <!-- before_method -->
        <test-method status="PASS" signature="before_method()[pri:0, instance:TestNgDemo.AnnotationsDemo1@1f3f4916]" name="before_method" is-config="true" duration-ms="0" started-at="2022-08-05T16:47:08Z" finished-at="2022-08-05T16:47:08Z">
          <reporter-output>
          </reporter-output>
        </test-method> <!-- before_method -->
        <test-method status="PASS" signature="test2()[pri:0, instance:TestNgDemo.AnnotationsDemo1@1f3f4916]" name="test2" duration-ms="0" started-at="2022-08-05T16:47:08Z" finished-at="2022-08-05T16:47:08Z">
          <reporter-output>
          </reporter-output>
        </test-method> <!-- test2 -->
        <test-method status="PASS" signature="after_method()[pri:0, instance:TestNgDemo.AnnotationsDemo1@1f3f4916]" name="after_method" is-config="true" duration-ms="0" started-at="2022-08-05T16:47:08Z" finished-at="2022-08-05T16:47:08Z">
          <reporter-output>
          </reporter-output>
        </test-method> <!-- after_method -->
        <test-method status="PASS" signature="after_method()[pri:0, instance:TestNgDemo.AnnotationsDemo1@1f3f4916]" name="after_method" is-config="true" duration-ms="2" started-at="2022-08-05T16:47:08Z" finished-at="2022-08-05T16:47:08Z">
          <reporter-output>
          </reporter-output>
        </test-method> <!-- after_method -->
        <test-method status="PASS" signature="after_class()[pri:0, instance:TestNgDemo.AnnotationsDemo1@1f3f4916]" name="after_class" is-config="true" duration-ms="0" started-at="2022-08-05T16:47:08Z" finished-at="2022-08-05T16:47:08Z">
          <reporter-output>
          </reporter-output>
        </test-method> <!-- after_class -->
        <test-method status="PASS" signature="after_test()[pri:0, instance:TestNgDemo.AnnotationsDemo1@1f3f4916]" name="after_test" is-config="true" duration-ms="0" started-at="2022-08-05T16:47:08Z" finished-at="2022-08-05T16:47:08Z">
          <reporter-output>
          </reporter-output>
        </test-method> <!-- after_test -->
        <test-method status="PASS" signature="after_suite()[pri:0, instance:TestNgDemo.AnnotationsDemo1@1f3f4916]" name="after_suite" is-config="true" duration-ms="0" started-at="2022-08-05T16:47:08Z" finished-at="2022-08-05T16:47:08Z">
          <reporter-output>
          </reporter-output>
        </test-method> <!-- after_suite -->
      </class> <!-- TestNgDemo.AnnotationsDemo1 -->
      <class name="TestNgDemo.AnnotationsDemo2">
        <test-method status="PASS" signature="before_class()[pri:0, instance:TestNgDemo.AnnotationsDemo2@794cb805]" name="before_class" is-config="true" duration-ms="0" started-at="2022-08-05T16:47:08Z" finished-at="2022-08-05T16:47:08Z">
          <reporter-output>
          </reporter-output>
        </test-method> <!-- before_class -->
        <test-method status="PASS" signature="before_method()[pri:0, instance:TestNgDemo.AnnotationsDemo2@794cb805]" name="before_method" is-config="true" duration-ms="0" started-at="2022-08-05T16:47:08Z" finished-at="2022-08-05T16:47:08Z">
          <reporter-output>
          </reporter-output>
        </test-method> <!-- before_method -->
        <test-method status="PASS" signature="test3()[pri:0, instance:TestNgDemo.AnnotationsDemo2@794cb805]" name="test3" duration-ms="0" started-at="2022-08-05T16:47:08Z" finished-at="2022-08-05T16:47:08Z">
          <reporter-output>
          </reporter-output>
        </test-method> <!-- test3 -->
        <test-method status="PASS" signature="before_method()[pri:0, instance:TestNgDemo.AnnotationsDemo2@794cb805]" name="before_method" is-config="true" duration-ms="0" started-at="2022-08-05T16:47:08Z" finished-at="2022-08-05T16:47:08Z">
          <reporter-output>
          </reporter-output>
        </test-method> <!-- before_method -->
        <test-method status="PASS" signature="after_method()[pri:0, instance:TestNgDemo.AnnotationsDemo2@794cb805]" name="after_method" is-config="true" duration-ms="0" started-at="2022-08-05T16:47:08Z" finished-at="2022-08-05T16:47:08Z">
          <reporter-output>
          </reporter-output>
        </test-method> <!-- after_method -->
        <test-method status="PASS" signature="test4()[pri:0, instance:TestNgDemo.AnnotationsDemo2@794cb805]" name="test4" duration-ms="0" started-at="2022-08-05T16:47:08Z" finished-at="2022-08-05T16:47:08Z">
          <reporter-output>
          </reporter-output>
        </test-method> <!-- test4 -->
        <test-method status="PASS" signature="after_class()[pri:0, instance:TestNgDemo.AnnotationsDemo2@794cb805]" name="after_class" is-config="true" duration-ms="0" started-at="2022-08-05T16:47:08Z" finished-at="2022-08-05T16:47:08Z">
          <reporter-output>
          </reporter-output>
        </test-method> <!-- after_class -->
        <test-method status="PASS" signature="after_method()[pri:0, instance:TestNgDemo.AnnotationsDemo2@794cb805]" name="after_method" is-config="true" duration-ms="0" started-at="2022-08-05T16:47:08Z" finished-at="2022-08-05T16:47:08Z">
          <reporter-output>
          </reporter-output>
        </test-method> <!-- after_method -->
      </class> <!-- TestNgDemo.AnnotationsDemo2 -->
    </test> <!-- AnnotationsDemo1 -->
  </suite> <!-- Suite -->
</testng-results>
